#
# There is insufficient memory for the Java Runtime Environment to continue.
# Native memory allocation (mmap) failed to map 134217728 bytes for Failed to commit area from 0x0000000081c00000 to 0x0000000089c00000 of length 134217728.
# Possible reasons:
#   The system is out of physical RAM or swap space
#   The process is running with CompressedOops enabled, and the Java Heap may be blocking the growth of the native heap
# Possible solutions:
#   Reduce memory load on the system
#   Increase physical memory or swap space
#   Check if swap backing store is full
#   Decrease Java heap size (-Xmx/-Xms)
#   Decrease number of Java threads
#   Decrease Java thread stack sizes (-Xss)
#   Set larger code cache with -XX:ReservedCodeCacheSize=
# This output file may be truncated or incomplete.
#
#  Out of Memory Error (t:/workspace/open/src/hotspot/os/windows/os_windows.cpp:3264), pid=5172, tid=8756
#
# JRE version:  (12.0.2+10) (build )
# Java VM: Java HotSpot(TM) 64-Bit Server VM (12.0.2+10, mixed mode, aot, sharing, tiered, compressed oops, g1 gc, windows-amd64)
# No core dump will be written. Minidumps are not enabled by default on client versions of Windows
#

---------------  S U M M A R Y ------------

Command Line: -javaagent:D:\IntelliJ IDEA 2021.1.3\lib\idea_rt.jar=1028:D:\IntelliJ IDEA 2021.1.3\bin -Dfile.encoding=UTF-8 by.drapejny.task5.Main

Host: Intel(R) Core(TM) i5-8265U CPU @ 1.60GHz, 8 cores, 7G,  Windows 10 , 64 bit Build 19041 (10.0.19041.1023)
Time: Mon Jul 26 18:34:55 2021 Беларусь (зима) elapsed time: 0 seconds (0d 0h 0m 0s)

---------------  T H R E A D  ---------------

Current thread (0x00000272c0fc3800):  JavaThread "Unknown thread" [_thread_in_vm, id=8756, stack(0x000000739a900000,0x000000739aa00000)]

Stack: [0x000000739a900000,0x000000739aa00000]
Native frames: (J=compiled Java code, j=interpreted, Vv=VM code, C=native code)
V  [jvm.dll+0x63aa2a]
V  [jvm.dll+0x78ce1e]
V  [jvm.dll+0x78e4c1]
V  [jvm.dll+0x78eb13]
V  [jvm.dll+0x2627e8]
V  [jvm.dll+0x637f5a]
V  [jvm.dll+0x62c845]
V  [jvm.dll+0x31e49c]
V  [jvm.dll+0x31e2cf]
V  [jvm.dll+0x324006]
V  [jvm.dll+0x371f56]
V  [jvm.dll+0x371720]
V  [jvm.dll+0x2f845a]
V  [jvm.dll+0x2f96d2]
V  [jvm.dll+0x767267]
V  [jvm.dll+0x7689f5]
V  [jvm.dll+0x380059]
V  [jvm.dll+0x74b794]
V  [jvm.dll+0x3ef5cd]
V  [jvm.dll+0x3f1471]
C  [jli.dll+0x51cf]
C  [ucrtbase.dll+0x21bb2]
C  [KERNEL32.DLL+0x17034]
C  [ntdll.dll+0x52651]


---------------  P R O C E S S  ---------------

Threads class SMR info:
_java_thread_list=0x00007ffe46757928, length=0, elements={
}

Java Threads: ( => current thread )

Other Threads:
  0x00000272c1002000 GCTaskThread "GC Thread#0" [stack: 0x000000739aa00000,0x000000739ab00000] [id=3468]
  0x00000272c1011800 ConcurrentGCThread "G1 Main Marker" [stack: 0x000000739ab00000,0x000000739ac00000] [id=12452]
  0x00000272c1014800 ConcurrentGCThread "G1 Conc#0" [stack: 0x000000739ac00000,0x000000739ad00000] [id=11756]

[error occurred during error reporting (printing all threads), id 0xc0000005, EXCEPTION_ACCESS_VIOLATION (0xc0000005) at pc=0x00007ffe45f885e7]

VM state:not at safepoint (not fully initialized)

VM Mutex/Monitor currently owned by a thread:  ([mutex/lock_event])
[0x00000272c0fc1160] Heap_lock - owner thread: 0x00000272c0fc3800

Heap address: 0x0000000081c00000, size: 2020 MB, Compressed Oops mode: Non-zero based: 0x0000000081c00000
Narrow klass base: 0x0000000000000000, Narrow klass shift: 0

GC Heap History (0 events):
No events

Deoptimization events (0 events):
No events

Classes redefined (0 events):
No events

Internal exceptions (0 events):
No events

Events (0 events):
No events


Dynamic libraries:
0x00007ff6508f0000 - 0x00007ff6508ff000 	C:\Program Files\Java\jdk-12.0.2\bin\java.exe
0x00007ffe89850000 - 0x00007ffe89a45000 	C:\WINDOWS\SYSTEM32\ntdll.dll
0x00007ffe88f80000 - 0x00007ffe8903d000 	C:\WINDOWS\System32\KERNEL32.DLL
0x00007ffe87490000 - 0x00007ffe87759000 	C:\WINDOWS\System32\KERNELBASE.dll
0x00007ffe87280000 - 0x00007ffe87380000 	C:\WINDOWS\System32\ucrtbase.dll
0x00007ffe7fd50000 - 0x00007ffe7fd66000 	C:\Program Files\Java\jdk-12.0.2\bin\VCRUNTIME140.dll
0x00007ffe7fd70000 - 0x00007ffe7fd88000 	C:\Program Files\Java\jdk-12.0.2\bin\jli.dll
0x00007ffe88ed0000 - 0x00007ffe88f7c000 	C:\WINDOWS\System32\ADVAPI32.dll
0x00007ffe88320000 - 0x00007ffe883be000 	C:\WINDOWS\System32\msvcrt.dll
0x00007ffe87970000 - 0x00007ffe87a0b000 	C:\WINDOWS\System32\sechost.dll
0x00007ffe87a80000 - 0x00007ffe87baa000 	C:\WINDOWS\System32\RPCRT4.dll
0x00007ffe87dc0000 - 0x00007ffe87f60000 	C:\WINDOWS\System32\USER32.dll
0x00007ffe86f90000 - 0x00007ffe86fb2000 	C:\WINDOWS\System32\win32u.dll
0x00007ffe6d900000 - 0x00007ffe6db9a000 	C:\WINDOWS\WinSxS\amd64_microsoft.windows.common-controls_6595b64144ccf1df_6.0.19041.1110_none_60b5254171f9507e\COMCTL32.dll
0x00007ffe88240000 - 0x00007ffe8826a000 	C:\WINDOWS\System32\GDI32.dll
0x00007ffe870f0000 - 0x00007ffe871fb000 	C:\WINDOWS\System32\gdi32full.dll
0x00007ffe86fc0000 - 0x00007ffe8705d000 	C:\WINDOWS\System32\msvcp_win.dll
0x00007ffe7dce0000 - 0x00007ffe7dcea000 	C:\WINDOWS\SYSTEM32\VERSION.dll
0x00007ffe880b0000 - 0x00007ffe880e0000 	C:\WINDOWS\System32\IMM32.DLL
0x00007ffe7fb90000 - 0x00007ffe7fc3a000 	C:\Program Files\Java\jdk-12.0.2\bin\msvcp140.dll
0x00007ffe45c80000 - 0x00007ffe467f7000 	C:\Program Files\Java\jdk-12.0.2\bin\server\jvm.dll
0x00007ffe89040000 - 0x00007ffe89048000 	C:\WINDOWS\System32\PSAPI.DLL
0x00007ffe829f0000 - 0x00007ffe829f9000 	C:\WINDOWS\SYSTEM32\WSOCK32.dll
0x00007ffe88140000 - 0x00007ffe881ab000 	C:\WINDOWS\System32\WS2_32.dll
0x00007ffe70b50000 - 0x00007ffe70b77000 	C:\WINDOWS\SYSTEM32\WINMM.dll
0x00007ffe85850000 - 0x00007ffe85862000 	C:\WINDOWS\SYSTEM32\kernel.appcore.dll
0x00007ffe7fd30000 - 0x00007ffe7fd41000 	C:\Program Files\Java\jdk-12.0.2\bin\verify.dll
0x00007ffe84d40000 - 0x00007ffe84f24000 	C:\WINDOWS\SYSTEM32\DBGHELP.DLL
0x00007ffe6c390000 - 0x00007ffe6c3bc000 	C:\WINDOWS\SYSTEM32\dbgcore.DLL
0x00007ffe87060000 - 0x00007ffe870e3000 	C:\WINDOWS\System32\bcryptPrimitives.dll
0x00007ffe7fcd0000 - 0x00007ffe7fcf6000 	C:\Program Files\Java\jdk-12.0.2\bin\java.dll
0x00007ffe7fb80000 - 0x00007ffe7fb8e000 	C:\Program Files\Java\jdk-12.0.2\bin\instrument.dll
0x00007ffe7fcb0000 - 0x00007ffe7fcc7000 	C:\Program Files\Java\jdk-12.0.2\bin\zip.dll
0x00007ffe829e0000 - 0x00007ffe829ea000 	C:\Program Files\Java\jdk-12.0.2\bin\jimage.dll

dbghelp: loaded successfully - version: 4.0.5 - missing functions: none
symbol engine: initialized successfully - sym options: 0x614 - pdb path: .;C:\Program Files\Java\jdk-12.0.2\bin;C:\WINDOWS\SYSTEM32;C:\WINDOWS\WinSxS\amd64_microsoft.windows.common-controls_6595b64144ccf1df_6.0.19041.1110_none_60b5254171f9507e;C:\Program Files\Java\jdk-12.0.2\bin\server

VM Arguments:
jvm_args: -javaagent:D:\IntelliJ IDEA 2021.1.3\lib\idea_rt.jar=1028:D:\IntelliJ IDEA 2021.1.3\bin -Dfile.encoding=UTF-8 
java_command: by.drapejny.task5.Main
java_class_path (initial): C:\JavaXD\EPAM\Task5\target\classes
Launcher Type: SUN_STANDARD

[Global flags]
     intx CICompilerCount                          = 4                                         {product} {ergonomic}
     uint ConcGCThreads                            = 2                                         {product} {ergonomic}
     uint G1ConcRefinementThreads                  = 8                                         {product} {ergonomic}
   size_t G1HeapRegionSize                         = 1048576                                   {product} {ergonomic}
    uintx GCDrainStackTargetSize                   = 64                                        {product} {ergonomic}
   size_t InitialHeapSize                          = 134217728                                 {product} {ergonomic}
   size_t MarkStackSize                            = 4194304                                   {product} {ergonomic}
   size_t MaxHeapSize                              = 2118123520                                {product} {ergonomic}
   size_t MinHeapDeltaBytes                        = 1048576                                   {product} {ergonomic}
    uintx NonNMethodCodeHeapSize                   = 5836300                                {pd product} {ergonomic}
    uintx NonProfiledCodeHeapSize                  = 122910970                              {pd product} {ergonomic}
    uintx ProfiledCodeHeapSize                     = 122910970                              {pd product} {ergonomic}
    uintx ReservedCodeCacheSize                    = 251658240                              {pd product} {ergonomic}
     bool SegmentedCodeCache                       = true                                      {product} {ergonomic}
     bool UseCompressedClassPointers               = true                                 {lp64_product} {ergonomic}
     bool UseCompressedOops                        = true                                 {lp64_product} {ergonomic}
     bool UseG1GC                                  = true                                      {product} {ergonomic}
     bool UseLargePagesIndividualAllocation        = false                                  {pd product} {ergonomic}

Logging:
Log output configuration:
 #0: stdout all=warning uptime,level,tags
 #1: stderr all=off uptime,level,tags

Environment Variables:
JAVA_HOME=C:\Program Files\Java\jdk-12.0.2
PATH=C:\Program Files\Java\jdk-12.0.2\bin\;C:\WINDOWS\system32;C:\WINDOWS;C:\WINDOWS\System32\Wbem;C:\WINDOWS\System32\WindowsPowerShell\v1.0\;C:\WINDOWS\System32\OpenSSH\;C:\Program Files (x86)\NVIDIA Corporation\PhysX\Common;C:\Program Files\NVIDIA Corporation\NVIDIA NvDLISR;C:\Program Files\Microsoft SQL Server\130\Tools\Binn\;D:\Calibre\;C:\Program Files\Git\cmd;C:\Program Files\apache-maven-3.8.1\bin\;C:\Users\User\AppData\Local\Programs\Python\Python39\Scripts\;C:\Users\User\AppData\Local\Programs\Python\Python39\;C:\Ruby27-x64\bin;C:\Users\User\AppData\Local\Microsoft\WindowsApps;C:\Program Files\JetBrains\IntelliJ IDEA Community Edition 2020.1.1\bin;D:\Microsoft VS Code\bin;C:\Users\User\AppData\Local\GitHubDesktop\bin;C:\Program Files (x86)\Nmap;D:\IntelliJ IDEA 2021.1.3\bin;
USERNAME=User
OS=Windows_NT
PROCESSOR_IDENTIFIER=Intel64 Family 6 Model 142 Stepping 12, GenuineIntel



---------------  S Y S T E M  ---------------

OS: Windows 10 , 64 bit Build 19041 (10.0.19041.1023)

CPU:total 8 (initial active 8) (4 cores per cpu, 2 threads per core) family 6 model 142 stepping 12, cmov, cx8, fxsr, mmx, sse, sse2, sse3, ssse3, sse4.1, sse4.2, popcnt, avx, avx2, aes, clmul, erms, 3dnowpref, lzcnt, ht, tsc, tscinvbit, bmi1, bmi2, adx, fma

Memory: 4k page, system-wide physical 8078M (1323M free)
TotalPageFile size 8878M (AvailPageFile size 111M)
current process WorkingSet (physical memory assigned to process): 10M, peak: 10M
current process commit charge ("private bytes"): 60M, peak: 188M

vm_info: Java HotSpot(TM) 64-Bit Server VM (12.0.2+10) for windows-amd64 JRE (12.0.2+10), built on Jul 16 2019 01:56:17 by "mach5one" with MS VC++ 15.5 (VS2017)

END.
